<?xml version="1.0" encoding="UTF-8"?>
<!-- Generated by org.testng.reporters.JUnitReportReporter -->
<testsuite hostname="EPINPUNW0467" failures="0" tests="1" name="sumValidation" time="1.116" errors="0" timestamp="16 Nov 2024 11:35:54 GMT">
  <testcase classname="sumValidation" name="sumOfCourses" time="1.116"/>
</testsuite> <!-- sumValidation -->
